;;; 
Export: Release 11.2.0.2.0 - Production on Fri Apr 21 23:51:19 2017

Copyright (c) 1982, 2009, Oracle and/or its affiliates.  All rights reserved.
;;; 
Connected to: Oracle Database 11g Express Edition Release 11.2.0.2.0 - 64bit Production
Starting "EVENTS"."SYS_EXPORT_SCHEMA_01":  events/******** DIRECTORY=data__pump_dir dumpfile=events.dmp 
Estimate in progress using BLOCKS method...
Processing object type SCHEMA_EXPORT/TABLE/TABLE_DATA
Total estimation using BLOCKS method: 576 KB
Processing object type SCHEMA_EXPORT/USER
Processing object type SCHEMA_EXPORT/SYSTEM_GRANT
Processing object type SCHEMA_EXPORT/ROLE_GRANT
Processing object type SCHEMA_EXPORT/DEFAULT_ROLE
Processing object type SCHEMA_EXPORT/PRE_SCHEMA/PROCACT_SCHEMA
Processing object type SCHEMA_EXPORT/TABLE/TABLE
Processing object type SCHEMA_EXPORT/TABLE/INDEX/INDEX
Processing object type SCHEMA_EXPORT/TABLE/CONSTRAINT/CONSTRAINT
Processing object type SCHEMA_EXPORT/TABLE/INDEX/STATISTICS/INDEX_STATISTICS
Processing object type SCHEMA_EXPORT/TABLE/COMMENT
Processing object type SCHEMA_EXPORT/TABLE/CONSTRAINT/REF_CONSTRAINT
. . exported "EVENTS"."ARRANGEMENT"                      6.476 KB      12 rows
. . exported "EVENTS"."CATERINGPLAN"                     5.906 KB       4 rows
. . exported "EVENTS"."EVENT"                            9.312 KB      10 rows
. . exported "EVENTS"."FOOD"                             6.414 KB       8 rows
. . exported "EVENTS"."ORGANIZATION"                     6.875 KB       2 rows
. . exported "EVENTS"."PERSON"                           6.929 KB      10 rows
. . exported "EVENTS"."PERSONORGANIZATION"               6.039 KB      11 rows
. . exported "EVENTS"."PLANFOOD"                         5.523 KB       9 rows
. . exported "EVENTS"."ROOM"                             6.812 KB       6 rows
Master table "EVENTS"."SYS_EXPORT_SCHEMA_01" successfully loaded/unloaded
******************************************************************************
Dump file set for EVENTS.SYS_EXPORT_SCHEMA_01 is:
  C:\USERS\JGB23\DOCUMENTS\PROJECT\EVENTS.DMP
Job "EVENTS"."SYS_EXPORT_SCHEMA_01" successfully completed at 23:51:34
